2026-03-05 09:33:42,321 - INFO - excel_verifier.py:192 - 从文件 verify_tasks.json 加载了 0 个任务
2026-03-05 09:33:42,322 - INFO - excel_verifier.py:222 - 从文件 special_paths.json 加载了特殊路径映射
2026-03-05 09:33:42,323 - INFO - excel_verifier.py:728 - 开始运行Excel验证程序，间隔 5.0 分钟
2026-03-05 09:33:42,324 - INFO - excel_verifier.py:731 - 启动时测试挂载点...
2026-03-05 09:33:42,325 - INFO - excel_verifier.py:351 - 挂载点测试成功: /mnt/smb_share
2026-03-05 09:33:42,329 - INFO - excel_verifier.py:192 - 从文件 verify_tasks.json 加载了 0 个任务
2026-03-05 09:33:42,329 - INFO - excel_verifier.py:679 - 没有待验证任务
2026-03-05 09:33:42,330 - INFO - excel_verifier.py:1113 - HTTP服务器已启动，监听端口 8090
2026-03-05 09:34:17,333 - INFO - excel_verifier.py:306 - 收到命令: change_interval，参数: {'interval': 1.0}
2026-03-05 09:34:17,334 - INFO - excel_verifier.py:314 - 检查间隔已修改为 1.0 分钟
2026-03-05 09:34:17,335 - INFO - excel_verifier.py:755 - 检查间隔已更改，新的等待时间: 60.0秒
2026-03-05 09:34:38,678 - INFO - excel_verifier.py:838 - 已添加验证任务: 260305001
2026-03-05 09:35:17,338 - INFO - excel_verifier.py:757 - 等待 1.0 分钟后再次检查...
2026-03-05 09:35:17,338 - INFO - excel_verifier.py:192 - 从文件 verify_tasks.json 加载了 1 个任务
2026-03-05 09:35:17,339 - INFO - excel_verifier.py:693 - 开始验证任务: 260305001
2026-03-05 09:35:17,340 - INFO - excel_verifier.py:351 - 挂载点测试成功: /mnt/smb_share
2026-03-05 09:35:17,340 - INFO - excel_verifier.py:379 - 查找产品文件夹: /mnt/smb_share/测试报告 20250402/LYHS32F16B005
2026-03-05 09:35:17,367 - INFO - excel_verifier.py:412 - 找到匹配的Excel文件: /mnt/smb_share/测试报告 20250402/LYHS32F16B005/5102-2602110001/TAP172/TAP172260305A002~B1 IPQC2603050334 Pass.xlsx
2026-03-05 09:35:18,006 - INFO - excel_verifier.py:699 - 任务验证成功: 260305001, 耗时: 0.67秒
2026-03-05 09:35:18,008 - INFO - excel_verifier.py:619 - 已保存成功记录: 260305001
2026-03-05 09:35:18,008 - INFO - excel_verifier.py:256 - 已保存 0 个任务到文件: verify_tasks.json
2026-03-05 09:35:18,009 - INFO - excel_verifier.py:716 - 所有任务已完成
2026-03-05 09:35:39,217 - INFO - excel_verifier.py:838 - 已添加验证任务: 260305001
2026-03-05 09:35:39,637 - INFO - excel_verifier.py:838 - 已添加验证任务: 260305002
2026-03-05 09:36:18,011 - INFO - excel_verifier.py:757 - 等待 1.0 分钟后再次检查...
2026-03-05 09:36:18,012 - INFO - excel_verifier.py:192 - 从文件 verify_tasks.json 加载了 2 个任务
2026-03-05 09:36:18,013 - INFO - excel_verifier.py:693 - 开始验证任务: 260305001
2026-03-05 09:36:18,014 - INFO - excel_verifier.py:351 - 挂载点测试成功: /mnt/smb_share
2026-03-05 09:36:18,014 - INFO - excel_verifier.py:379 - 查找产品文件夹: /mnt/smb_share/测试报告 20250402/LYHS32F16B005
2026-03-05 09:36:18,250 - INFO - excel_verifier.py:412 - 找到匹配的Excel文件: /mnt/smb_share/测试报告 20250402/LYHS32F16B005/5102-2602110003/TAP167/TAP167260305A002~B1 IPQC2603050321 Pass.xlsx
2026-03-05 09:36:18,665 - INFO - excel_verifier.py:699 - 任务验证成功: 260305001, 耗时: 0.65秒
2026-03-05 09:36:18,666 - INFO - excel_verifier.py:619 - 已保存成功记录: 260305001
2026-03-05 09:36:18,666 - INFO - excel_verifier.py:693 - 开始验证任务: 260305002
2026-03-05 09:36:18,667 - INFO - excel_verifier.py:351 - 挂载点测试成功: /mnt/smb_share
2026-03-05 09:36:18,667 - INFO - excel_verifier.py:379 - 查找产品文件夹: /mnt/smb_share/测试报告 20250402/LYHS29F02D014
2026-03-05 09:36:18,677 - INFO - excel_verifier.py:412 - 找到匹配的Excel文件: /mnt/smb_share/测试报告 20250402/LYHS29F02D014/5101-2602250005/TAP65/TAP065260305B001~B1 IPQC2603050336 Pass.xlsx
2026-03-05 09:36:19,094 - INFO - excel_verifier.py:699 - 任务验证成功: 260305002, 耗时: 0.43秒
2026-03-05 09:36:19,096 - INFO - excel_verifier.py:619 - 已保存成功记录: 260305002
2026-03-05 09:36:19,096 - INFO - excel_verifier.py:256 - 已保存 0 个任务到文件: verify_tasks.json
2026-03-05 09:36:19,097 - INFO - excel_verifier.py:716 - 所有任务已完成
2026-03-05 09:36:40,180 - INFO - excel_verifier.py:838 - 已添加验证任务: 260305001
2026-03-05 09:37:19,099 - INFO - excel_verifier.py:757 - 等待 1.0 分钟后再次检查...
2026-03-05 09:37:19,100 - INFO - excel_verifier.py:192 - 从文件 verify_tasks.json 加载了 1 个任务
2026-03-05 09:37:19,100 - INFO - excel_verifier.py:693 - 开始验证任务: 260305001
2026-03-05 09:37:19,101 - INFO - excel_verifier.py:351 - 挂载点测试成功: /mnt/smb_share
2026-03-05 09:37:19,101 - INFO - excel_verifier.py:379 - 查找产品文件夹: /mnt/smb_share/测试报告 20250402/LYHS30F02C003
2026-03-05 09:37:20,643 - INFO - excel_verifier.py:412 - 找到匹配的Excel文件: /mnt/smb_share/测试报告 20250402/LYHS30F02C003/5101-2602100012/TAP78/TAP078260305A001~B1 IPQC2603050341 Pass.xlsx
2026-03-05 09:37:21,028 - INFO - excel_verifier.py:699 - 任务验证成功: 260305001, 耗时: 1.93秒
2026-03-05 09:37:21,030 - INFO - excel_verifier.py:619 - 已保存成功记录: 260305001
2026-03-05 09:37:21,031 - INFO - excel_verifier.py:256 - 已保存 0 个任务到文件: verify_tasks.json
2026-03-05 09:37:21,031 - INFO - excel_verifier.py:716 - 所有任务已完成
2026-03-05 09:38:21,034 - INFO - excel_verifier.py:757 - 等待 1.0 分钟后再次检查...
2026-03-05 09:38:21,035 - INFO - excel_verifier.py:192 - 从文件 verify_tasks.json 加载了 0 个任务
2026-03-05 09:38:21,035 - INFO - excel_verifier.py:679 - 没有待验证任务
2026-03-05 09:39:21,037 - INFO - excel_verifier.py:757 - 等待 1.0 分钟后再次检查...
2026-03-05 09:39:21,037 - INFO - excel_verifier.py:192 - 从文件 verify_tasks.json 加载了 0 个任务
2026-03-05 09:39:21,038 - INFO - excel_verifier.py:679 - 没有待验证任务
2026-03-05 09:40:21,040 - INFO - excel_verifier.py:757 - 等待 1.0 分钟后再次检查...
2026-03-05 09:40:21,040 - INFO - excel_verifier.py:192 - 从文件 verify_tasks.json 加载了 0 个任务
2026-03-05 09:40:21,040 - INFO - excel_verifier.py:679 - 没有待验证任务
2026-03-05 09:41:21,042 - INFO - excel_verifier.py:757 - 等待 1.0 分钟后再次检查...
2026-03-05 09:41:21,044 - INFO - excel_verifier.py:192 - 从文件 verify_tasks.json 加载了 0 个任务
2026-03-05 09:41:21,044 - INFO - excel_verifier.py:679 - 没有待验证任务
2026-03-05 09:41:41,085 - INFO - excel_verifier.py:838 - 已添加验证任务: 260305001
2026-03-05 09:42:06,046 - INFO - excel_verifier.py:306 - 收到命令: change_interval，参数: {'interval': 5.0}
2026-03-05 09:42:06,048 - INFO - excel_verifier.py:314 - 检查间隔已修改为 5.0 分钟
2026-03-05 09:42:06,049 - INFO - excel_verifier.py:755 - 检查间隔已更改，新的等待时间: 300.0秒
2026-03-05 09:44:42,039 - INFO - excel_verifier.py:838 - 已添加验证任务: 260305002
2026-03-05 09:47:06,061 - INFO - excel_verifier.py:757 - 等待 5.0 分钟后再次检查...
2026-03-05 09:47:06,063 - INFO - excel_verifier.py:192 - 从文件 verify_tasks.json 加载了 2 个任务
2026-03-05 09:47:06,063 - INFO - excel_verifier.py:693 - 开始验证任务: 260305001
2026-03-05 09:47:06,065 - INFO - excel_verifier.py:351 - 挂载点测试成功: /mnt/smb_share
2026-03-05 09:47:06,066 - INFO - excel_verifier.py:379 - 查找产品文件夹: /mnt/smb_share/测试报告 20250402/LYHS32F16B005
2026-03-05 09:47:06,143 - INFO - excel_verifier.py:412 - 找到匹配的Excel文件: /mnt/smb_share/测试报告 20250402/LYHS32F16B005/5102-2602110011/TAP106/TAP106260305A002~B1 IPQC2603050337 Pass.xlsx
2026-03-05 09:47:06,540 - INFO - excel_verifier.py:699 - 任务验证成功: 260305001, 耗时: 0.48秒
2026-03-05 09:47:06,541 - INFO - excel_verifier.py:619 - 已保存成功记录: 260305001
2026-03-05 09:47:06,541 - INFO - excel_verifier.py:693 - 开始验证任务: 260305002
2026-03-05 09:47:06,541 - INFO - excel_verifier.py:351 - 挂载点测试成功: /mnt/smb_share
2026-03-05 09:47:06,541 - INFO - excel_verifier.py:379 - 查找产品文件夹: /mnt/smb_share/测试报告 20250402/LYHS32F16B005
2026-03-05 09:47:06,623 - INFO - excel_verifier.py:412 - 找到匹配的Excel文件: /mnt/smb_share/测试报告 20250402/LYHS32F16B005/5102-2602110013/TAP107/TAP107260305A002~B1 IPQC2603050302 Pass.xlsx
2026-03-05 09:47:07,018 - INFO - excel_verifier.py:699 - 任务验证成功: 260305002, 耗时: 0.48秒
2026-03-05 09:47:07,019 - INFO - excel_verifier.py:619 - 已保存成功记录: 260305002
2026-03-05 09:47:07,020 - INFO - excel_verifier.py:256 - 已保存 0 个任务到文件: verify_tasks.json
2026-03-05 09:47:07,020 - INFO - excel_verifier.py:716 - 所有任务已完成
2026-03-05 09:49:42,552 - INFO - excel_verifier.py:838 - 已添加验证任务: 260305001
2026-03-05 09:50:43,602 - INFO - excel_verifier.py:838 - 已添加验证任务: 260305002
2026-03-05 09:52:07,031 - INFO - excel_verifier.py:757 - 等待 5.0 分钟后再次检查...
2026-03-05 09:52:07,042 - INFO - excel_verifier.py:192 - 从文件 verify_tasks.json 加载了 2 个任务
2026-03-05 09:52:07,043 - INFO - excel_verifier.py:693 - 开始验证任务: 260305001
2026-03-05 09:52:07,044 - INFO - excel_verifier.py:351 - 挂载点测试成功: /mnt/smb_share
2026-03-05 09:52:07,047 - INFO - excel_verifier.py:379 - 查找产品文件夹: /mnt/smb_share/测试报告 20250402/LYHS32F02D005
2026-03-05 09:52:09,497 - INFO - excel_verifier.py:412 - 找到匹配的Excel文件: /mnt/smb_share/测试报告 20250402/LYHS32F02D005/5101-2601070004/TAP034/TAP034260305A002~B1 IPQC2603050308 Pass.xlsx
2026-03-05 09:52:09,871 - INFO - excel_verifier.py:699 - 任务验证成功: 260305001, 耗时: 2.83秒
2026-03-05 09:52:09,872 - INFO - excel_verifier.py:619 - 已保存成功记录: 260305001
2026-03-05 09:52:09,872 - INFO - excel_verifier.py:693 - 开始验证任务: 260305002
2026-03-05 09:52:09,873 - INFO - excel_verifier.py:351 - 挂载点测试成功: /mnt/smb_share
2026-03-05 09:52:09,873 - INFO - excel_verifier.py:379 - 查找产品文件夹: /mnt/smb_share/测试报告 20250402/LYHS32F16B005
2026-03-05 09:52:09,900 - INFO - excel_verifier.py:412 - 找到匹配的Excel文件: /mnt/smb_share/测试报告 20250402/LYHS32F16B005/5102-2602110004/TAP168/TAP168260305A002~B1 IPQC2603050345 Pass.xlsx
2026-03-05 09:52:10,618 - INFO - excel_verifier.py:699 - 任务验证成功: 260305002, 耗时: 0.75秒
2026-03-05 09:52:10,621 - INFO - excel_verifier.py:619 - 已保存成功记录: 260305002
2026-03-05 09:52:10,622 - INFO - excel_verifier.py:256 - 已保存 0 个任务到文件: verify_tasks.json
2026-03-05 09:52:10,623 - INFO - excel_verifier.py:716 - 所有任务已完成
2026-03-05 09:57:10,635 - INFO - excel_verifier.py:757 - 等待 5.0 分钟后再次检查...
2026-03-05 09:57:10,637 - INFO - excel_verifier.py:192 - 从文件 verify_tasks.json 加载了 0 个任务
2026-03-05 09:57:10,637 - INFO - excel_verifier.py:679 - 没有待验证任务
2026-03-05 10:02:10,647 - INFO - excel_verifier.py:757 - 等待 5.0 分钟后再次检查...
2026-03-05 10:02:10,648 - INFO - excel_verifier.py:192 - 从文件 verify_tasks.json 加载了 0 个任务
2026-03-05 10:02:10,648 - INFO - excel_verifier.py:679 - 没有待验证任务
2026-03-05 10:06:46,952 - INFO - excel_verifier.py:838 - 已添加验证任务: 260305001
2026-03-05 10:07:10,661 - INFO - excel_verifier.py:757 - 等待 5.0 分钟后再次检查...
2026-03-05 10:07:10,661 - INFO - excel_verifier.py:192 - 从文件 verify_tasks.json 加载了 1 个任务
2026-03-05 10:07:10,662 - INFO - excel_verifier.py:693 - 开始验证任务: 260305001
2026-03-05 10:07:10,663 - INFO - excel_verifier.py:351 - 挂载点测试成功: /mnt/smb_share
2026-03-05 10:07:10,663 - INFO - excel_verifier.py:379 - 查找产品文件夹: /mnt/smb_share/测试报告 20250402/LYHS32F02D016
2026-03-05 10:07:10,721 - INFO - excel_verifier.py:412 - 找到匹配的Excel文件: /mnt/smb_share/测试报告 20250402/LYHS32F02D016/5111-2601260002/TAP063/TAP063260305A001~B1 IPQC2603050344 Fail.xlsx
2026-03-05 10:07:11,114 - INFO - excel_verifier.py:699 - 任务验证成功: 260305001, 耗时: 0.45秒
2026-03-05 10:07:11,115 - INFO - excel_verifier.py:619 - 已保存成功记录: 260305001
2026-03-05 10:07:11,115 - INFO - excel_verifier.py:256 - 已保存 0 个任务到文件: verify_tasks.json
2026-03-05 10:07:11,116 - INFO - excel_verifier.py:716 - 所有任务已完成
2026-03-05 10:12:11,126 - INFO - excel_verifier.py:757 - 等待 5.0 分钟后再次检查...
2026-03-05 10:12:11,127 - INFO - excel_verifier.py:192 - 从文件 verify_tasks.json 加载了 0 个任务
2026-03-05 10:12:11,128 - INFO - excel_verifier.py:679 - 没有待验证任务
2026-03-05 10:14:48,622 - INFO - excel_verifier.py:838 - 已添加验证任务: 260305001
2026-03-05 10:17:11,138 - INFO - excel_verifier.py:757 - 等待 5.0 分钟后再次检查...
2026-03-05 10:17:11,139 - INFO - excel_verifier.py:192 - 从文件 verify_tasks.json 加载了 1 个任务
2026-03-05 10:17:11,139 - INFO - excel_verifier.py:693 - 开始验证任务: 260305001
2026-03-05 10:17:11,140 - INFO - excel_verifier.py:351 - 挂载点测试成功: /mnt/smb_share
2026-03-05 10:17:11,140 - INFO - excel_verifier.py:379 - 查找产品文件夹: /mnt/smb_share/测试报告 20250402/LYHS32F16B005
2026-03-05 10:17:11,155 - INFO - excel_verifier.py:412 - 找到匹配的Excel文件: /mnt/smb_share/测试报告 20250402/LYHS32F16B005/5101-2602110001/CBL003/CBL003260305B001~B4 IPQC2603050347 Fail.xlsx
2026-03-05 10:17:11,558 - INFO - excel_verifier.py:699 - 任务验证成功: 260305001, 耗时: 0.42秒
2026-03-05 10:17:11,559 - INFO - excel_verifier.py:619 - 已保存成功记录: 260305001
2026-03-05 10:17:11,560 - INFO - excel_verifier.py:256 - 已保存 0 个任务到文件: verify_tasks.json
2026-03-05 10:17:11,560 - INFO - excel_verifier.py:716 - 所有任务已完成
2026-03-05 10:17:49,417 - INFO - excel_verifier.py:838 - 已添加验证任务: 260305001
2026-03-05 10:20:50,450 - INFO - excel_verifier.py:838 - 已添加验证任务: 260305002
2026-03-05 10:22:11,572 - INFO - excel_verifier.py:757 - 等待 5.0 分钟后再次检查...
2026-03-05 10:22:11,573 - INFO - excel_verifier.py:192 - 从文件 verify_tasks.json 加载了 2 个任务
2026-03-05 10:22:11,573 - INFO - excel_verifier.py:693 - 开始验证任务: 260305001
2026-03-05 10:22:11,574 - INFO - excel_verifier.py:351 - 挂载点测试成功: /mnt/smb_share
2026-03-05 10:22:11,574 - INFO - excel_verifier.py:379 - 查找产品文件夹: /mnt/smb_share/测试报告 20250402/LYHS30F02C003
2026-03-05 10:22:13,535 - INFO - excel_verifier.py:412 - 找到匹配的Excel文件: /mnt/smb_share/测试报告 20250402/LYHS30F02C003/5101-2602100008/TAP86/TAP086260305B001~B1 IPQC2603050359 Pass.xlsx
2026-03-05 10:22:13,911 - INFO - excel_verifier.py:699 - 任务验证成功: 260305001, 耗时: 2.34秒
2026-03-05 10:22:13,914 - INFO - excel_verifier.py:619 - 已保存成功记录: 260305001
2026-03-05 10:22:13,914 - INFO - excel_verifier.py:693 - 开始验证任务: 260305002
2026-03-05 10:22:13,915 - INFO - excel_verifier.py:351 - 挂载点测试成功: /mnt/smb_share
2026-03-05 10:22:13,916 - INFO - excel_verifier.py:379 - 查找产品文件夹: /mnt/smb_share/测试报告 20250402/LYHS32F16B005
2026-03-05 10:22:13,993 - INFO - excel_verifier.py:412 - 找到匹配的Excel文件: /mnt/smb_share/测试报告 20250402/LYHS32F16B005/5102-2602110005/TAP166/TAP166260305B002~B1 #4 IPQC2603050367 Pass.xlsx
2026-03-05 10:22:14,396 - INFO - excel_verifier.py:699 - 任务验证成功: 260305002, 耗时: 0.48秒
2026-03-05 10:22:14,398 - INFO - excel_verifier.py:619 - 已保存成功记录: 260305002
2026-03-05 10:22:14,399 - INFO - excel_verifier.py:256 - 已保存 0 个任务到文件: verify_tasks.json
2026-03-05 10:22:14,399 - INFO - excel_verifier.py:716 - 所有任务已完成
2026-03-05 10:27:14,415 - INFO - excel_verifier.py:757 - 等待 5.0 分钟后再次检查...
2026-03-05 10:27:14,416 - INFO - excel_verifier.py:192 - 从文件 verify_tasks.json 加载了 0 个任务
2026-03-05 10:27:14,417 - INFO - excel_verifier.py:679 - 没有待验证任务
2026-03-05 10:29:52,920 - INFO - excel_verifier.py:838 - 已添加验证任务: 260305001
2026-03-05 10:30:53,628 - INFO - excel_verifier.py:192 - 从文件 verify_tasks.json 加载了 1 个任务
2026-03-05 10:30:53,628 - ERROR - excel_verifier.py:664 - 未找到任务: task_1772671142_1
2026-03-05 10:30:53,772 - INFO - excel_verifier.py:838 - 已添加验证任务: 260305002
2026-03-05 10:32:14,428 - INFO - excel_verifier.py:757 - 等待 5.0 分钟后再次检查...
2026-03-05 10:32:14,429 - INFO - excel_verifier.py:192 - 从文件 verify_tasks.json 加载了 2 个任务
2026-03-05 10:32:14,429 - INFO - excel_verifier.py:693 - 开始验证任务: 260305001
2026-03-05 10:32:14,430 - INFO - excel_verifier.py:351 - 挂载点测试成功: /mnt/smb_share
2026-03-05 10:32:14,430 - INFO - excel_verifier.py:379 - 查找产品文件夹: /mnt/smb_share/测试报告 20250402/LYHS29F02D014
2026-03-05 10:32:14,443 - INFO - excel_verifier.py:412 - 找到匹配的Excel文件: /mnt/smb_share/测试报告 20250402/LYHS29F02D014/5101-2602250004/TAP52/TAP052260305A002~B1 IPQC2603050324 Pass.xlsx
2026-03-05 10:32:14,933 - INFO - excel_verifier.py:699 - 任务验证成功: 260305001, 耗时: 0.50秒
2026-03-05 10:32:14,934 - INFO - excel_verifier.py:619 - 已保存成功记录: 260305001
2026-03-05 10:32:14,934 - INFO - excel_verifier.py:693 - 开始验证任务: 260305002
2026-03-05 10:32:14,935 - INFO - excel_verifier.py:351 - 挂载点测试成功: /mnt/smb_share
2026-03-05 10:32:14,935 - INFO - excel_verifier.py:379 - 查找产品文件夹: /mnt/smb_share/测试报告 20250402/LYHS30F02C003
2026-03-05 10:32:15,741 - INFO - excel_verifier.py:412 - 找到匹配的Excel文件: /mnt/smb_share/测试报告 20250402/LYHS30F02C003/5101-2602100010/TAP82/TAP082260305A001~B1 IPQC2603050329 Pass.xlsx
2026-03-05 10:32:16,093 - INFO - excel_verifier.py:699 - 任务验证成功: 260305002, 耗时: 1.16秒
2026-03-05 10:32:16,095 - INFO - excel_verifier.py:619 - 已保存成功记录: 260305002
2026-03-05 10:32:16,095 - INFO - excel_verifier.py:256 - 已保存 0 个任务到文件: verify_tasks.json
2026-03-05 10:32:16,095 - INFO - excel_verifier.py:716 - 所有任务已完成
2026-03-05 10:37:16,118 - INFO - excel_verifier.py:757 - 等待 5.0 分钟后再次检查...
2026-03-05 10:37:16,118 - INFO - excel_verifier.py:192 - 从文件 verify_tasks.json 加载了 0 个任务
2026-03-05 10:37:16,118 - INFO - excel_verifier.py:679 - 没有待验证任务
2026-03-05 10:37:55,624 - INFO - excel_verifier.py:838 - 已添加验证任务: 260305001
2026-03-05 10:42:16,130 - INFO - excel_verifier.py:757 - 等待 5.0 分钟后再次检查...
2026-03-05 10:42:16,130 - INFO - excel_verifier.py:192 - 从文件 verify_tasks.json 加载了 1 个任务
2026-03-05 10:42:16,131 - INFO - excel_verifier.py:693 - 开始验证任务: 260305001
2026-03-05 10:42:16,131 - INFO - excel_verifier.py:351 - 挂载点测试成功: /mnt/smb_share
2026-03-05 10:42:16,131 - INFO - excel_verifier.py:379 - 查找产品文件夹: /mnt/smb_share/测试报告 20250402/LYHS29F02D014
2026-03-05 10:42:16,136 - INFO - excel_verifier.py:412 - 找到匹配的Excel文件: /mnt/smb_share/测试报告 20250402/LYHS29F02D014/5101-2602250002/TAP70/TAP070260305B002~B2 IPQC2603050370 Pass.xlsx
2026-03-05 10:42:16,561 - INFO - excel_verifier.py:699 - 任务验证成功: 260305001, 耗时: 0.43秒
2026-03-05 10:42:16,563 - INFO - excel_verifier.py:619 - 已保存成功记录: 260305001
2026-03-05 10:42:16,563 - INFO - excel_verifier.py:256 - 已保存 0 个任务到文件: verify_tasks.json
2026-03-05 10:42:16,564 - INFO - excel_verifier.py:716 - 所有任务已完成
2026-03-05 10:46:58,055 - INFO - excel_verifier.py:838 - 已添加验证任务: 260305001
2026-03-05 10:47:16,574 - INFO - excel_verifier.py:757 - 等待 5.0 分钟后再次检查...
2026-03-05 10:47:16,576 - INFO - excel_verifier.py:192 - 从文件 verify_tasks.json 加载了 1 个任务
2026-03-05 10:47:16,576 - INFO - excel_verifier.py:693 - 开始验证任务: 260305001
2026-03-05 10:47:16,577 - INFO - excel_verifier.py:351 - 挂载点测试成功: /mnt/smb_share
2026-03-05 10:47:16,577 - INFO - excel_verifier.py:379 - 查找产品文件夹: /mnt/smb_share/测试报告 20250402/LYHS30F02C003
2026-03-05 10:47:18,035 - INFO - excel_verifier.py:412 - 找到匹配的Excel文件: /mnt/smb_share/测试报告 20250402/LYHS30F02C003/5101-2602100006/TAP75/TAP075260305B001~B3 IPQC2603050381 Fail.xlsx
2026-03-05 10:47:18,329 - INFO - excel_verifier.py:699 - 任务验证成功: 260305001, 耗时: 1.75秒
2026-03-05 10:47:18,329 - INFO - excel_verifier.py:619 - 已保存成功记录: 260305001
2026-03-05 10:47:18,329 - INFO - excel_verifier.py:256 - 已保存 0 个任务到文件: verify_tasks.json
2026-03-05 10:47:18,330 - INFO - excel_verifier.py:716 - 所有任务已完成
2026-03-05 10:48:58,939 - INFO - excel_verifier.py:838 - 已添加验证任务: 260305001
2026-03-05 10:49:59,496 - INFO - excel_verifier.py:838 - 已添加验证任务: 260305002
2026-03-05 10:52:18,340 - INFO - excel_verifier.py:757 - 等待 5.0 分钟后再次检查...
2026-03-05 10:52:18,341 - INFO - excel_verifier.py:192 - 从文件 verify_tasks.json 加载了 2 个任务
2026-03-05 10:52:18,342 - INFO - excel_verifier.py:693 - 开始验证任务: 260305001
2026-03-05 10:52:18,343 - INFO - excel_verifier.py:351 - 挂载点测试成功: /mnt/smb_share
2026-03-05 10:52:18,343 - INFO - excel_verifier.py:379 - 查找产品文件夹: /mnt/smb_share/测试报告 20250402/LYHS32F16B005
2026-03-05 10:52:18,600 - INFO - excel_verifier.py:412 - 找到匹配的Excel文件: /mnt/smb_share/测试报告 20250402/LYHS32F16B005/5102-2602110008/TAP175/TAP175260305A002~B1 IPQC2603050375 Fail.xlsx
2026-03-05 10:52:18,948 - INFO - excel_verifier.py:699 - 任务验证成功: 260305001, 耗时: 0.61秒
2026-03-05 10:52:18,949 - INFO - excel_verifier.py:619 - 已保存成功记录: 260305001
2026-03-05 10:52:18,949 - INFO - excel_verifier.py:693 - 开始验证任务: 260305002
2026-03-05 10:52:18,949 - INFO - excel_verifier.py:351 - 挂载点测试成功: /mnt/smb_share
2026-03-05 10:52:18,949 - INFO - excel_verifier.py:379 - 查找产品文件夹: /mnt/smb_share/测试报告 20250402/LYHS32F02D016
2026-03-05 10:52:19,503 - INFO - excel_verifier.py:412 - 找到匹配的Excel文件: /mnt/smb_share/测试报告 20250402/LYHS32F02D016/5111-2601260002/TAP064/TAP064260305A001~B1 IPQC2603050363 Pass.xlsx
2026-03-05 10:52:19,884 - INFO - excel_verifier.py:699 - 任务验证成功: 260305002, 耗时: 0.93秒
2026-03-05 10:52:19,886 - INFO - excel_verifier.py:619 - 已保存成功记录: 260305002
2026-03-05 10:52:19,887 - INFO - excel_verifier.py:256 - 已保存 0 个任务到文件: verify_tasks.json
2026-03-05 10:52:19,888 - INFO - excel_verifier.py:716 - 所有任务已完成
2026-03-05 10:53:00,794 - INFO - excel_verifier.py:838 - 已添加验证任务: 260305001
2026-03-05 10:56:02,018 - INFO - excel_verifier.py:838 - 已添加验证任务: 260305002
2026-03-05 10:57:02,651 - INFO - excel_verifier.py:838 - 已添加验证任务: 260305003
2026-03-05 10:57:19,900 - INFO - excel_verifier.py:757 - 等待 5.0 分钟后再次检查...
2026-03-05 10:57:19,901 - INFO - excel_verifier.py:192 - 从文件 verify_tasks.json 加载了 3 个任务
2026-03-05 10:57:19,902 - INFO - excel_verifier.py:693 - 开始验证任务: 260305001
2026-03-05 10:57:19,904 - INFO - excel_verifier.py:351 - 挂载点测试成功: /mnt/smb_share
2026-03-05 10:57:19,904 - INFO - excel_verifier.py:379 - 查找产品文件夹: /mnt/smb_share/测试报告 20250402/LYHS30F02C003
2026-03-05 10:57:21,386 - INFO - excel_verifier.py:412 - 找到匹配的Excel文件: /mnt/smb_share/测试报告 20250402/LYHS30F02C003/5101-2602100006/TAP73/TAP073260305A001~B1 IPQC2603050380 Pass.xlsx
2026-03-05 10:57:21,731 - INFO - excel_verifier.py:699 - 任务验证成功: 260305001, 耗时: 1.83秒
2026-03-05 10:57:21,732 - INFO - excel_verifier.py:619 - 已保存成功记录: 260305001
2026-03-05 10:57:21,733 - INFO - excel_verifier.py:693 - 开始验证任务: 260305002
2026-03-05 10:57:21,733 - INFO - excel_verifier.py:351 - 挂载点测试成功: /mnt/smb_share
2026-03-05 10:57:21,733 - INFO - excel_verifier.py:379 - 查找产品文件夹: /mnt/smb_share/测试报告 20250402/LYHS29F02D014
2026-03-05 10:57:21,797 - INFO - excel_verifier.py:412 - 找到匹配的Excel文件: /mnt/smb_share/测试报告 20250402/LYHS29F02D014/5101-2602250005/TAP67/TAP067260305A002~B1 IPQC2603050374 Pass.xlsx
2026-03-05 10:57:22,276 - INFO - excel_verifier.py:699 - 任务验证成功: 260305002, 耗时: 0.54秒
2026-03-05 10:57:22,278 - INFO - excel_verifier.py:619 - 已保存成功记录: 260305002
2026-03-05 10:57:22,278 - INFO - excel_verifier.py:693 - 开始验证任务: 260305003
2026-03-05 10:57:22,278 - INFO - excel_verifier.py:351 - 挂载点测试成功: /mnt/smb_share
2026-03-05 10:57:22,279 - INFO - excel_verifier.py:379 - 查找产品文件夹: /mnt/smb_share/测试报告 20250402/LYHS30P16A001
2026-03-05 10:57:22,347 - INFO - excel_verifier.py:412 - 找到匹配的Excel文件: /mnt/smb_share/测试报告 20250402/LYHS30P16A001/5102-2601130017/TAP189/TAP189260305B002~B3 IPQC2603050369 NG.xlsx
2026-03-05 10:57:22,660 - INFO - excel_verifier.py:699 - 任务验证成功: 260305003, 耗时: 0.38秒
2026-03-05 10:57:22,661 - INFO - excel_verifier.py:619 - 已保存成功记录: 260305003
2026-03-05 10:57:22,662 - INFO - excel_verifier.py:256 - 已保存 0 个任务到文件: verify_tasks.json
2026-03-05 10:57:22,663 - INFO - excel_verifier.py:716 - 所有任务已完成
2026-03-05 10:58:03,242 - INFO - excel_verifier.py:838 - 已添加验证任务: 260305001
2026-03-05 11:02:22,674 - INFO - excel_verifier.py:757 - 等待 5.0 分钟后再次检查...
2026-03-05 11:02:22,674 - INFO - excel_verifier.py:192 - 从文件 verify_tasks.json 加载了 1 个任务
2026-03-05 11:02:22,675 - INFO - excel_verifier.py:693 - 开始验证任务: 260305001
2026-03-05 11:02:22,676 - INFO - excel_verifier.py:351 - 挂载点测试成功: /mnt/smb_share
2026-03-05 11:02:22,676 - INFO - excel_verifier.py:379 - 查找产品文件夹: /mnt/smb_share/测试报告 20250402/LYHS32F02D016
2026-03-05 11:02:22,938 - INFO - excel_verifier.py:412 - 找到匹配的Excel文件: /mnt/smb_share/测试报告 20250402/LYHS32F02D016/5111-2601260002/TAP056/TAP056260305A001~B1 IPQC2603050317 Pass.xlsx
2026-03-05 11:02:23,373 - INFO - excel_verifier.py:699 - 任务验证成功: 260305001, 耗时: 0.70秒
2026-03-05 11:02:23,374 - INFO - excel_verifier.py:619 - 已保存成功记录: 260305001
2026-03-05 11:02:23,375 - INFO - excel_verifier.py:256 - 已保存 0 个任务到文件: verify_tasks.json
2026-03-05 11:02:23,375 - INFO - excel_verifier.py:716 - 所有任务已完成
2026-03-05 11:05:05,304 - INFO - excel_verifier.py:838 - 已添加验证任务: 260305001
2026-03-05 11:05:05,729 - INFO - excel_verifier.py:838 - 已添加验证任务: 260305002
2026-03-05 11:07:23,386 - INFO - excel_verifier.py:757 - 等待 5.0 分钟后再次检查...
2026-03-05 11:07:23,387 - INFO - excel_verifier.py:192 - 从文件 verify_tasks.json 加载了 2 个任务
2026-03-05 11:07:23,388 - INFO - excel_verifier.py:693 - 开始验证任务: 260305001
2026-03-05 11:07:23,389 - INFO - excel_verifier.py:351 - 挂载点测试成功: /mnt/smb_share
2026-03-05 11:07:23,389 - INFO - excel_verifier.py:379 - 查找产品文件夹: /mnt/smb_share/测试报告 20250402/LYHS29F02D014
2026-03-05 11:07:23,412 - ERROR - excel_verifier.py:704 - 任务验证失败: 260305001, 错误: 未找到匹配的Excel文件: 产品编号=LYHS29F02D014, 生产批号=TAP072260305A002, IPQC单号=IPQC2603050389, 耗时: 0.02秒
2026-03-05 11:07:23,625 - INFO - excel_verifier.py:134 - 错误通知发送成功: {'msgtype': 'actionCard', 'actionCard': {'title': '电气报告验证错误', 'text': '# 电气报告验证错误\n\n**错误时间**: 2026-03-05 11:07:23\n\n**任务ID**: 260305001\n\n**产品编号**: LYHS29F02D014\t\n\n**生产批号**: TAP072260305A002\n\n**IPQC单号**: IPQC2603050389\n\n**预期结果**: fail\n\n**验证耗时**: 0.02秒\n\n**错误信息**:\n未找到匹配的Excel文件: 产品编号=LYHS29F02D014, 生产批号=TAP072260305A002, IPQC单号=IPQC2603050389\n', 'btnOrientation': '0', 'btns': [{'title': '已处理，不再追踪', 'actionURL': 'http://172.16.60.31:8090/process_task?task_id=260305001'}]}}
2026-03-05 11:07:23,628 - INFO - excel_verifier.py:693 - 开始验证任务: 260305002
2026-03-05 11:07:23,629 - INFO - excel_verifier.py:351 - 挂载点测试成功: /mnt/smb_share
2026-03-05 11:07:23,630 - INFO - excel_verifier.py:379 - 查找产品文件夹: /mnt/smb_share/测试报告 20250402/LYHS29F02D014
2026-03-05 11:07:23,640 - ERROR - excel_verifier.py:704 - 任务验证失败: 260305002, 错误: 未找到匹配的Excel文件: 产品编号=LYHS29F02D014, 生产批号=TAP050260305A002, IPQC单号=IPQC2603050351, 耗时: 0.01秒
2026-03-05 11:07:23,810 - INFO - excel_verifier.py:134 - 错误通知发送成功: {'msgtype': 'actionCard', 'actionCard': {'title': '电气报告验证错误', 'text': '# 电气报告验证错误\n\n**错误时间**: 2026-03-05 11:07:23\n\n**任务ID**: 260305002\n\n**产品编号**: LYHS29F02D014\t\n\n**生产批号**: TAP050260305A002\n\n**IPQC单号**: IPQC2603050351\n\n**预期结果**: fail\n\n**验证耗时**: 0.01秒\n\n**错误信息**:\n未找到匹配的Excel文件: 产品编号=LYHS29F02D014, 生产批号=TAP050260305A002, IPQC单号=IPQC2603050351\n', 'btnOrientation': '0', 'btns': [{'title': '已处理，不再追踪', 'actionURL': 'http://172.16.60.31:8090/process_task?task_id=260305002'}]}}
2026-03-05 11:07:23,814 - INFO - excel_verifier.py:256 - 已保存 2 个任务到文件: verify_tasks.json
2026-03-05 11:07:23,814 - INFO - excel_verifier.py:714 - 剩余 2 个任务
2026-03-05 11:07:50,544 - INFO - excel_verifier.py:192 - 从文件 verify_tasks.json 加载了 2 个任务
2026-03-05 11:07:50,723 - INFO - excel_verifier.py:134 - 错误通知发送成功: {'msgtype': 'markdown', 'markdown': {'title': '任务已处理通知', 'text': '# 任务已处理通知\n\n**处理时间**: 2026-03-05 11:07:50\n\n**任务ID**: 260305002\n\n**产品编号**: LYHS29F02D014\t\n\n**生产批号**: TAP050260305A002\n\n**IPQC单号**: IPQC2603050351\n\n**状态**: 已确认，不再跟踪\n'}, 'at': {'isAtAll': False}}
2026-03-05 11:07:50,726 - INFO - excel_verifier.py:256 - 已保存 1 个任务到文件: verify_tasks.json
2026-03-05 11:07:50,726 - INFO - excel_verifier.py:661 - 任务 260305002 已处理，从任务列表中移除
2026-03-05 11:07:53,950 - INFO - excel_verifier.py:192 - 从文件 verify_tasks.json 加载了 1 个任务
2026-03-05 11:07:54,123 - INFO - excel_verifier.py:134 - 错误通知发送成功: {'msgtype': 'markdown', 'markdown': {'title': '任务已处理通知', 'text': '# 任务已处理通知\n\n**处理时间**: 2026-03-05 11:07:53\n\n**任务ID**: 260305001\n\n**产品编号**: LYHS29F02D014\t\n\n**生产批号**: TAP072260305A002\n\n**IPQC单号**: IPQC2603050389\n\n**状态**: 已确认，不再跟踪\n'}, 'at': {'isAtAll': False}}
2026-03-05 11:07:54,128 - INFO - excel_verifier.py:256 - 已保存 0 个任务到文件: verify_tasks.json
2026-03-05 11:07:54,128 - INFO - excel_verifier.py:661 - 任务 260305001 已处理，从任务列表中移除
2026-03-05 11:08:07,218 - INFO - excel_verifier.py:838 - 已添加验证任务: 260305001
2026-03-05 11:10:08,014 - INFO - excel_verifier.py:838 - 已添加验证任务: 260305002
2026-03-05 11:12:08,828 - INFO - excel_verifier.py:838 - 已添加验证任务: 260305003
2026-03-05 11:12:23,825 - INFO - excel_verifier.py:757 - 等待 5.0 分钟后再次检查...
2026-03-05 11:12:23,825 - INFO - excel_verifier.py:192 - 从文件 verify_tasks.json 加载了 3 个任务
2026-03-05 11:12:23,825 - INFO - excel_verifier.py:690 - 任务 260305001 已处理，跳过验证
2026-03-05 11:12:23,825 - INFO - excel_verifier.py:690 - 任务 260305002 已处理，跳过验证
2026-03-05 11:12:23,825 - INFO - excel_verifier.py:693 - 开始验证任务: 260305003
2026-03-05 11:12:23,826 - INFO - excel_verifier.py:351 - 挂载点测试成功: /mnt/smb_share
2026-03-05 11:12:23,826 - INFO - excel_verifier.py:379 - 查找产品文件夹: /mnt/smb_share/测试报告 20250402/LYHS32F02D016
2026-03-05 11:12:24,104 - INFO - excel_verifier.py:412 - 找到匹配的Excel文件: /mnt/smb_share/测试报告 20250402/LYHS32F02D016/5111-2601260002/TAP063/TAP063260305A001~B2 IPQC2603050379 Fail.xlsx
2026-03-05 11:12:24,564 - INFO - excel_verifier.py:699 - 任务验证成功: 260305003, 耗时: 0.74秒
2026-03-05 11:12:24,565 - INFO - excel_verifier.py:619 - 已保存成功记录: 260305003
2026-03-05 11:12:24,566 - INFO - excel_verifier.py:256 - 已保存 0 个任务到文件: verify_tasks.json
2026-03-05 11:12:24,566 - INFO - excel_verifier.py:716 - 所有任务已完成
2026-03-05 11:17:24,581 - INFO - excel_verifier.py:757 - 等待 5.0 分钟后再次检查...
2026-03-05 11:17:24,581 - INFO - excel_verifier.py:192 - 从文件 verify_tasks.json 加载了 0 个任务
2026-03-05 11:17:24,582 - INFO - excel_verifier.py:679 - 没有待验证任务
2026-03-05 11:19:11,298 - INFO - excel_verifier.py:838 - 已添加验证任务: 260305001
2026-03-05 11:21:12,223 - INFO - excel_verifier.py:838 - 已添加验证任务: 260305002
2026-03-05 11:22:24,593 - INFO - excel_verifier.py:757 - 等待 5.0 分钟后再次检查...
2026-03-05 11:22:24,594 - INFO - excel_verifier.py:192 - 从文件 verify_tasks.json 加载了 2 个任务
2026-03-05 11:22:24,594 - INFO - excel_verifier.py:690 - 任务 260305001 已处理，跳过验证
2026-03-05 11:22:24,594 - INFO - excel_verifier.py:690 - 任务 260305002 已处理，跳过验证
2026-03-05 11:22:24,595 - INFO - excel_verifier.py:256 - 已保存 0 个任务到文件: verify_tasks.json
2026-03-05 11:22:24,595 - INFO - excel_verifier.py:716 - 所有任务已完成
2026-03-05 11:23:13,136 - INFO - excel_verifier.py:838 - 已添加验证任务: 260305001
2026-03-05 11:25:13,917 - INFO - excel_verifier.py:838 - 已添加验证任务: 260305002
2026-03-05 11:25:33,848 - INFO - excel_verifier.py:759 - 验证程序被用户中断
2026-03-05 11:25:36,112 - INFO - excel_verifier.py:192 - 从文件 verify_tasks.json 加载了 2 个任务
2026-03-05 11:25:36,112 - INFO - excel_verifier.py:222 - 从文件 special_paths.json 加载了特殊路径映射
2026-03-05 11:25:36,113 - INFO - excel_verifier.py:760 - 开始运行Excel验证程序，间隔 5.0 分钟
2026-03-05 11:25:36,114 - INFO - excel_verifier.py:763 - 启动时测试挂载点...
2026-03-05 11:25:36,115 - INFO - excel_verifier.py:351 - 挂载点测试成功: /mnt/smb_share
2026-03-05 11:25:36,116 - INFO - excel_verifier.py:192 - 从文件 verify_tasks.json 加载了 2 个任务
2026-03-05 11:25:36,116 - INFO - excel_verifier.py:723 - 开始验证任务: 260305001
2026-03-05 11:25:36,116 - INFO - excel_verifier.py:351 - 挂载点测试成功: /mnt/smb_share
2026-03-05 11:25:36,117 - INFO - excel_verifier.py:379 - 查找产品文件夹: /mnt/smb_share/测试报告 20250402/LYHS32F02D016
2026-03-05 11:25:36,125 - INFO - excel_verifier.py:1151 - HTTP服务器已启动，监听端口 8090
2026-03-05 11:25:36,607 - INFO - excel_verifier.py:412 - 找到匹配的Excel文件: /mnt/smb_share/测试报告 20250402/LYHS32F02D016/5111-2601260002/TAP055/TAP055260305B001~B5 IPQC2603050390 Pass.xlsx
2026-03-05 11:25:37,245 - INFO - excel_verifier.py:729 - 任务验证成功: 260305001, 耗时: 1.13秒
2026-03-05 11:25:37,246 - INFO - excel_verifier.py:731 - 验证详情: 预期结果=pass, 查找到的文件=/mnt/smb_share/测试报告 20250402/LYHS32F02D016/5111-2601260002/TAP055/TAP055260305B001~B5 IPQC2603050390 Pass.xlsx, 文件名关键字=pass, 检查单元格=F11, 单元格结果=Pass
2026-03-05 11:25:37,247 - INFO - excel_verifier.py:649 - 已保存成功记录: 260305001
2026-03-05 11:25:37,247 - INFO - excel_verifier.py:723 - 开始验证任务: 260305002
2026-03-05 11:25:37,247 - INFO - excel_verifier.py:351 - 挂载点测试成功: /mnt/smb_share
2026-03-05 11:25:37,247 - INFO - excel_verifier.py:379 - 查找产品文件夹: /mnt/smb_share/测试报告 20250402/LYHS30F02C003
2026-03-05 11:25:39,224 - INFO - excel_verifier.py:412 - 找到匹配的Excel文件: /mnt/smb_share/测试报告 20250402/LYHS30F02C003/5101-2602100010/TAP83/TAP083260305A001~B1 IPQC2603050398 Pass.xlsx
2026-03-05 11:25:39,574 - INFO - excel_verifier.py:729 - 任务验证成功: 260305002, 耗时: 2.33秒
2026-03-05 11:25:39,574 - INFO - excel_verifier.py:731 - 验证详情: 预期结果=pass, 查找到的文件=/mnt/smb_share/测试报告 20250402/LYHS30F02C003/5101-2602100010/TAP83/TAP083260305A001~B1 IPQC2603050398 Pass.xlsx, 文件名关键字=pass, 检查单元格=F11, 单元格结果=Pass
2026-03-05 11:25:39,575 - INFO - excel_verifier.py:649 - 已保存成功记录: 260305002
2026-03-05 11:25:39,576 - INFO - excel_verifier.py:256 - 已保存 0 个任务到文件: verify_tasks.json
2026-03-05 11:25:39,576 - INFO - excel_verifier.py:748 - 所有任务已完成
2026-03-05 11:26:45,045 - INFO - excel_verifier.py:876 - 已添加验证任务: 260305001
2026-03-05 11:30:39,597 - INFO - excel_verifier.py:789 - 等待 5.0 分钟后再次检查...
2026-03-05 11:30:39,599 - INFO - excel_verifier.py:192 - 从文件 verify_tasks.json 加载了 1 个任务
2026-03-05 11:30:39,599 - INFO - excel_verifier.py:723 - 开始验证任务: 260305001
2026-03-05 11:30:39,600 - INFO - excel_verifier.py:351 - 挂载点测试成功: /mnt/smb_share
2026-03-05 11:30:39,600 - INFO - excel_verifier.py:379 - 查找产品文件夹: /mnt/smb_share/测试报告 20250402/LYHS32F16B005
2026-03-05 11:30:40,065 - INFO - excel_verifier.py:412 - 找到匹配的Excel文件: /mnt/smb_share/测试报告 20250402/LYHS32F16B005/5102-2602110016/TAP173/TAP173260305A002~B1 IPQC2603050388 Fail.xlsx
2026-03-05 11:30:40,450 - INFO - excel_verifier.py:729 - 任务验证成功: 260305001, 耗时: 0.85秒
2026-03-05 11:30:40,451 - INFO - excel_verifier.py:731 - 验证详情: 预期结果=fail, 查找到的文件=/mnt/smb_share/测试报告 20250402/LYHS32F16B005/5102-2602110016/TAP173/TAP173260305A002~B1 IPQC2603050388 Fail.xlsx, 文件名关键字=fail, 检查单元格=F11, 单元格结果=Fail
2026-03-05 11:30:40,453 - INFO - excel_verifier.py:649 - 已保存成功记录: 260305001
2026-03-05 11:30:40,454 - INFO - excel_verifier.py:256 - 已保存 0 个任务到文件: verify_tasks.json
2026-03-05 11:30:40,455 - INFO - excel_verifier.py:748 - 所有任务已完成
2026-03-05 11:31:46,527 - INFO - excel_verifier.py:876 - 已添加验证任务: 260305002
2026-03-05 11:31:46,895 - INFO - excel_verifier.py:876 - 已添加验证任务: 260305003
2026-03-05 11:31:47,285 - INFO - excel_verifier.py:876 - 已添加验证任务: 260305004
